2025-03-18 07:05:33,520 - INFO - Connected as @RakshitaSa73660
2025-03-18 07:05:34,215 - ERROR - Error processing mentions: 401 Unauthorized
Unauthorized
2025-03-18 07:05:34,650 - ERROR - Posting tweets forbidden. Check your API access level.
2025-03-18 07:05:35,790 - ERROR - Error liking tweet 1901809392086864008: 403 Forbidden
453 - You currently have access to a subset of X API V2 endpoints and limited v1.1 endpoints (e.g. media post, oauth) only. If you need access to this endpoint, you may need a different access level. You can learn more here: https://developer.x.com/en/portal/product
2025-03-18 07:05:36,309 - ERROR - Error liking tweet 1901808715482669486: 403 Forbidden
453 - You currently have access to a subset of X API V2 endpoints and limited v1.1 endpoints (e.g. media post, oauth) only. If you need access to this endpoint, you may need a different access level. You can learn more here: https://developer.x.com/en/portal/product
2025-03-18 07:05:36,807 - ERROR - Error liking tweet 1901808305309134926: 403 Forbidden
453 - You currently have access to a subset of X API V2 endpoints and limited v1.1 endpoints (e.g. media post, oauth) only. If you need access to this endpoint, you may need a different access level. You can learn more here: https://developer.x.com/en/portal/product
2025-03-18 07:05:37,686 - ERROR - Error in follow-back process: 403 Forbidden
453 - You currently have access to a subset of X API V2 endpoints and limited v1.1 endpoints (e.g. media post, oauth) only. If you need access to this endpoint, you may need a different access level. You can learn more here: https://developer.x.com/en/portal/product
2025-03-18 07:05:37,687 - INFO - Waiting for next check...
2025-03-18 07:10:38,470 - ERROR - Error processing mentions: 401 Unauthorized
Unauthorized
2025-03-18 07:10:38,805 - ERROR - Posting tweets forbidden. Check your API access level.
2025-03-18 07:22:14,507 - INFO - Connected as @RakshitaSa73660
2025-03-18 07:22:14,850 - ERROR - Posting tweets forbidden. Check your API access level.
2025-03-18 07:22:14,850 - INFO - Waiting for next check...
2025-03-18 07:23:55,292 - ERROR - Posting tweets forbidden. Check your API access level.
2025-03-18 07:23:55,292 - INFO - Waiting for next check...
2025-03-18 07:25:35,738 - ERROR - Posting tweets forbidden. Check your API access level.
2025-03-18 07:25:35,738 - INFO - Waiting for next check...
2025-03-18 07:27:16,167 - ERROR - Posting tweets forbidden. Check your API access level.
2025-03-18 07:27:16,168 - INFO - Waiting for next check...
2025-03-18 07:28:56,611 - ERROR - Posting tweets forbidden. Check your API access level.
2025-03-18 07:28:56,612 - INFO - Waiting for next check...
2025-03-18 07:30:37,047 - ERROR - Posting tweets forbidden. Check your API access level.
2025-03-18 07:30:37,047 - INFO - Waiting for next check...
2025-03-18 07:32:17,495 - ERROR - Posting tweets forbidden. Check your API access level.
2025-03-18 07:32:17,497 - INFO - Waiting for next check...
2025-03-18 07:33:57,930 - ERROR - Posting tweets forbidden. Check your API access level.
2025-03-18 07:33:57,931 - INFO - Waiting for next check...
2025-03-18 07:35:38,368 - ERROR - Posting tweets forbidden. Check your API access level.
2025-03-18 07:35:38,368 - INFO - Waiting for next check...
2025-03-18 07:37:18,809 - ERROR - Posting tweets forbidden. Check your API access level.
2025-03-18 07:37:18,809 - INFO - Waiting for next check...
2025-03-18 07:38:59,252 - ERROR - Posting tweets forbidden. Check your API access level.
2025-03-18 07:38:59,253 - INFO - Waiting for next check...
2025-03-18 07:40:39,694 - ERROR - Posting tweets forbidden. Check your API access level.
2025-03-18 07:40:39,694 - INFO - Waiting for next check...
2025-03-18 07:42:20,127 - ERROR - Posting tweets forbidden. Check your API access level.
2025-03-18 07:42:20,127 - INFO - Waiting for next check...
